<?xml version="1.0" encoding="UTF-8"?>
<!-- Generated by org.testng.reporters.JUnitReportReporter -->
<testsuite hostname="DESKTOP-A0CUSVH" failures="0" tests="2" name="TestAnnotation" time="0.002" errors="0" timestamp="2023-07-10T09:46:21 ICT" skipped="0">
  <testcase classname="TestAnnotation" name="testTwoMethod" time="0.000"/>
  <system-out/>
  <testcase classname="TestAnnotation" name="testOneMethod" time="0.002"/>
  <system-out/>
</testsuite> <!-- TestAnnotation -->
