<?xml version="1.0" encoding="UTF-8"?>
<!-- Generated by org.testng.reporters.JUnitReportReporter -->
<testsuite hostname="DESKTOP-A0CUSVH" failures="0" tests="1" name="com.datgiacdau.testng.Alertvv.HandlePopup" time="3.412" errors="0" timestamp="2023-07-08T00:22:01 ICT" skipped="0">
  <testcase classname="com.datgiacdau.testng.Alertvv.HandlePopup" name="Popup" time="3.412"/>
  <system-out/>
</testsuite> <!-- com.datgiacdau.testng.Alertvv.HandlePopup -->
