<?xml version="1.0" encoding="UTF-8"?>
<!-- Generated by org.testng.reporters.JUnitReportReporter -->
<testsuite hostname="DESKTOP-A0CUSVH" failures="0" tests="1" name="com.datgiacdau.testng.RobotClass" time="5.003" errors="0" timestamp="2023-07-07T10:41:51 ICT" skipped="0">
  <testcase classname="com.datgiacdau.testng.RobotClass" name="inputData" time="5.003"/>
  <system-out/>
</testsuite> <!-- com.datgiacdau.testng.RobotClass -->
