<?xml version="1.0" encoding="UTF-8"?>
<!-- Generated by org.testng.reporters.JUnitReportReporter -->
<testsuite hostname="DESKTOP-A0CUSVH" failures="0" tests="2" name="com.datgiacdau.testng.NewEmptyTestNGTest" time="4.304" errors="0" timestamp="2023-07-06T00:57:37 ICT" skipped="0">
  <testcase classname="com.datgiacdau.testng.NewEmptyTestNGTest" name="testMain" time="3.690"/>
  <system-out/>
  <testcase classname="com.datgiacdau.testng.NewEmptyTestNGTest" name="click" time="0.614"/>
  <system-out/>
</testsuite> <!-- com.datgiacdau.testng.NewEmptyTestNGTest -->
