<?xml version="1.0" encoding="UTF-8"?>
<!-- Generated by org.testng.reporters.JUnitReportReporter -->
<testsuite hostname="DESKTOP-A0CUSVH" failures="0" tests="2" name="com.datgiacdau.testng.ActionClass" time="11.242" errors="0" timestamp="2023-07-07T10:31:05 ICT" skipped="0">
  <testcase classname="com.datgiacdau.testng.ActionClass" name="TestAction" time="4.897"/>
  <system-out/>
  <testcase classname="com.datgiacdau.testng.ActionClass" name="DragAnddrop" time="6.345"/>
  <system-out/>
</testsuite> <!-- com.datgiacdau.testng.ActionClass -->
