<?xml version="1.0" encoding="UTF-8"?>
<!-- Generated by org.testng.reporters.JUnitReportReporter -->
<testsuite hostname="DESKTOP-A0CUSVH" failures="0" tests="1" name="ThucHanh.MainProject" time="13.064" errors="0" timestamp="2023-07-10T10:10:20 ICT" skipped="0">
  <testcase classname="ThucHanh.MainProject" name="Login" time="13.064"/>
  <system-out/>
</testsuite> <!-- ThucHanh.MainProject -->
