<?xml version="1.0" encoding="UTF-8"?>
<!-- Generated by org.testng.reporters.JUnitReportReporter -->
<testsuite hostname="DESKTOP-A0CUSVH" failures="0" tests="1" name="TestNGFake2" time="0.558" errors="0" timestamp="2023-07-06T00:46:10 ICT" skipped="0">
  <testcase classname="TestNGFake2" name="LoginPage" time="0.558"/>
  <system-out/>
</testsuite> <!-- TestNGFake2 -->
