<?xml version="1.0" encoding="UTF-8"?>
<!-- Generated by org.testng.reporters.JUnitReportReporter -->
<testsuite hostname="DESKTOP-A0CUSVH" failures="0" tests="1" name="com.datgiacdau.testng.Alertvv.HandleIframe" time="11.336" errors="0" timestamp="2023-07-08T00:48:26 ICT" skipped="0">
  <testcase classname="com.datgiacdau.testng.Alertvv.HandleIframe" name="Iframe" time="11.336"/>
  <system-out/>
</testsuite> <!-- com.datgiacdau.testng.Alertvv.HandleIframe -->
