<?xml version="1.0" encoding="UTF-8"?>
<!-- Generated by org.testng.reporters.JUnitReportReporter -->
<testsuite hostname="DESKTOP-A0CUSVH" failures="0" tests="1" name="jsExecutorCheckbox" time="2.105" errors="0" timestamp="2023-07-08T16:57:52 ICT" skipped="0">
  <testcase classname="jsExecutorCheckbox" name="jsCheckbox" time="2.105"/>
  <system-out/>
</testsuite> <!-- jsExecutorCheckbox -->
