<?xml version="1.0" encoding="UTF-8"?>
<!-- Generated by org.testng.reporters.JUnitReportReporter -->
<testsuite hostname="DESKTOP-A0CUSVH" failures="0" tests="2" name="chek.abc" time="0.002" errors="0" timestamp="2023-07-05T21:39:18 ICT" skipped="0">
  <testcase classname="chek.abc" name="secondMethod" time="0.000"/>
  <system-out/>
  <testcase classname="chek.abc" name="firstMethod" time="0.002"/>
  <system-out/>
</testsuite> <!-- chek.abc -->
