<?xml version="1.0" encoding="UTF-8"?>
<!-- Generated by org.testng.reporters.JUnitReportReporter -->
<testsuite hostname="DESKTOP-A0CUSVH" failures="0" tests="1" name="Wait" time="3.351" errors="0" timestamp="2023-07-08T22:13:33 ICT" skipped="0">
  <testcase classname="Wait" name="ExplicitWait" time="3.351"/>
  <system-out/>
</testsuite> <!-- Wait -->
