<?xml version="1.0" encoding="UTF-8"?>
<!-- Generated by org.testng.reporters.JUnitReportReporter -->
<testsuite hostname="DESKTOP-A0CUSVH" failures="0" tests="1" name="com.datgiacdau.testng.Alertvv.Popup2" time="7.487" errors="0" timestamp="2023-07-08T00:55:54 ICT" skipped="0">
  <testcase classname="com.datgiacdau.testng.Alertvv.Popup2" name="Popup" time="7.487"/>
  <system-out/>
</testsuite> <!-- com.datgiacdau.testng.Alertvv.Popup2 -->
