<?xml version="1.0" encoding="UTF-8"?>
<!-- Generated by org.testng.reporters.JUnitReportReporter -->
<testsuite hostname="DESKTOP-A0CUSVH" failures="0" tests="1" name="com.datgiacdau.testng.Alertvv.HandleAlert" time="4.630" errors="0" timestamp="2023-07-07T11:41:28 ICT" skipped="0">
  <testcase classname="com.datgiacdau.testng.Alertvv.HandleAlert" name="Alert" time="4.630"/>
  <system-out/>
</testsuite> <!-- com.datgiacdau.testng.Alertvv.HandleAlert -->
