<?xml version="1.0" encoding="UTF-8"?>
<!-- Generated by org.testng.reporters.JUnitReportReporter -->
<testsuite hostname="DESKTOP-A0CUSVH" failures="0" tests="2" name="TestNGFake" time="15.511" errors="0" timestamp="2023-07-10T09:46:22 ICT" skipped="0">
  <testcase classname="TestNGFake" name="RunTest" time="2.576"/>
  <system-out/>
  <testcase classname="TestNGFake" name="Update" time="12.935"/>
  <system-out/>
</testsuite> <!-- TestNGFake -->
