<?xml version="1.0" encoding="UTF-8"?>
<!-- Generated by org.testng.reporters.JUnitReportReporter -->
<testsuite hostname="DESKTOP-A0CUSVH" failures="0" tests="1" name="com.datgiacdau.testng.TestNGNGTest" time="3.309" errors="0" timestamp="2023-07-06T00:46:10 ICT" skipped="0">
  <testcase classname="com.datgiacdau.testng.TestNGNGTest" name="testMain" time="3.309"/>
  <system-out/>
</testsuite> <!-- com.datgiacdau.testng.TestNGNGTest -->
