<?xml version="1.0" encoding="UTF-8"?>
<!-- Generated by org.testng.reporters.JUnitReportReporter -->
<testsuite hostname="DESKTOP-A0CUSVH" failures="0" tests="1" name="JavascriptExecutor" time="4.593" errors="0" timestamp="2023-07-08T16:40:40 ICT" skipped="0">
  <testcase classname="JavascriptExecutor" name="jsExecutor" time="4.593"/>
  <system-out/>
</testsuite> <!-- JavascriptExecutor -->
